[debug] [2019-05-18T05:16:54.859Z] ----------------------------------------------------------------------
[debug] [2019-05-18T05:16:54.897Z] Command:       /Users/lele/.nvm/versions/node/v11.13.0/bin/node /Users/lele/.nvm/versions/node/v11.13.0/bin/firebase deploy --only functions --debug
[debug] [2019-05-18T05:16:54.899Z] CLI Version:   6.10.0
[debug] [2019-05-18T05:16:54.899Z] Platform:      darwin
[debug] [2019-05-18T05:16:54.899Z] Node Version:  v11.13.0
[debug] [2019-05-18T05:16:54.918Z] Time:          Fri May 17 2019 22:16:54 GMT-0700 (Pacific Daylight Time)
[debug] [2019-05-18T05:16:54.918Z] ----------------------------------------------------------------------
[debug] 
[debug] [2019-05-18T05:16:54.969Z] > command requires scopes: ["email","openid","https://www.googleapis.com/auth/cloudplatformprojects.readonly","https://www.googleapis.com/auth/firebase","https://www.googleapis.com/auth/cloud-platform"]
[debug] [2019-05-18T05:16:54.971Z] > authorizing via signed-in user
[debug] [2019-05-18T05:16:54.972Z] [iam] checking project daily-goal-journal for permissions ["cloudfunctions.functions.create","cloudfunctions.functions.delete","cloudfunctions.functions.get","cloudfunctions.functions.list","cloudfunctions.functions.update","cloudfunctions.operations.get","firebase.projects.get"]
[debug] [2019-05-18T05:16:54.998Z] >>> HTTP REQUEST POST https://cloudresourcemanager.googleapis.com/v1/projects/daily-goal-journal:testIamPermissions  

[debug] [2019-05-18T05:16:55.703Z] <<< HTTP RESPONSE 200
[info] 
[info] === Deploying to 'daily-goal-journal'...
[info] 
[info] i  deploying functions
[info] Running command: npm --prefix "$RESOURCE_DIR" run build
[info] ✔  functions: Finished running predeploy script.
[debug] [2019-05-18T05:17:10.156Z] > [functions] package.json contents: {
  "name": "functions",
  "scripts": {
    "build": "tsc",
    "serve": "npm run build && firebase serve --only functions",
    "shell": "npm run build && firebase functions:shell",
    "start": "npm run shell",
    "deploy": "firebase deploy --only functions",
    "logs": "firebase functions:log"
  },
  "engines": {
    "node": "8"
  },
  "main": "lib/index.js",
  "dependencies": {
    "firebase-admin": "~7.0.0",
    "firebase-functions": "^2.3.0"
  },
  "devDependencies": {
    "typescript": "^3.2.2"
  },
  "private": true
}
[error] 
[error] Error: There was an error reading functions/package.json:

 functions/lib/index.js does not exist, can't deploy Cloud Functions
[debug] [2019-05-18T05:18:15.606Z] ----------------------------------------------------------------------
[debug] [2019-05-18T05:18:15.612Z] Command:       /Users/lele/.nvm/versions/node/v11.13.0/bin/node /Users/lele/.nvm/versions/node/v11.13.0/bin/firebase deploy --only functions --debug
[debug] [2019-05-18T05:18:15.613Z] CLI Version:   6.10.0
[debug] [2019-05-18T05:18:15.613Z] Platform:      darwin
[debug] [2019-05-18T05:18:15.613Z] Node Version:  v11.13.0
[debug] [2019-05-18T05:18:15.626Z] Time:          Fri May 17 2019 22:18:15 GMT-0700 (Pacific Daylight Time)
[debug] [2019-05-18T05:18:15.627Z] ----------------------------------------------------------------------
[debug] 
[debug] [2019-05-18T05:18:15.667Z] > command requires scopes: ["email","openid","https://www.googleapis.com/auth/cloudplatformprojects.readonly","https://www.googleapis.com/auth/firebase","https://www.googleapis.com/auth/cloud-platform"]
[debug] [2019-05-18T05:18:15.670Z] > authorizing via signed-in user
[debug] [2019-05-18T05:18:15.671Z] [iam] checking project daily-goal-journal for permissions ["cloudfunctions.functions.create","cloudfunctions.functions.delete","cloudfunctions.functions.get","cloudfunctions.functions.list","cloudfunctions.functions.update","cloudfunctions.operations.get","firebase.projects.get"]
[debug] [2019-05-18T05:18:15.682Z] >>> HTTP REQUEST POST https://cloudresourcemanager.googleapis.com/v1/projects/daily-goal-journal:testIamPermissions  

[debug] [2019-05-18T05:18:16.127Z] <<< HTTP RESPONSE 200
[info] 
[info] === Deploying to 'daily-goal-journal'...
[info] 
[info] i  deploying functions
[info] Running command: npm --prefix "$RESOURCE_DIR" run build
[info] ✔  functions: Finished running predeploy script.
[debug] [2019-05-18T05:18:25.761Z] > [functions] package.json contents: {
  "name": "functions",
  "scripts": {
    "build": "tsc",
    "serve": "npm run build && firebase serve --only functions",
    "shell": "npm run build && firebase functions:shell",
    "start": "npm run shell",
    "deploy": "firebase deploy --only functions",
    "logs": "firebase functions:log"
  },
  "engines": {
    "node": "8"
  },
  "main": "lib/functions/src/index.js",
  "dependencies": {
    "firebase-admin": "~7.0.0",
    "firebase-functions": "^2.3.0"
  },
  "devDependencies": {
    "typescript": "^3.2.2"
  },
  "private": true
}
[info] i  functions: ensuring necessary APIs are enabled...
[debug] [2019-05-18T05:18:25.763Z] >>> HTTP REQUEST GET https://servicemanagement.googleapis.com/v1/services/cloudfunctions.googleapis.com/projectSettings/daily-goal-journal?view=CONSUMER_VIEW  
 
[debug] [2019-05-18T05:18:25.764Z] >>> HTTP REQUEST GET https://servicemanagement.googleapis.com/v1/services/runtimeconfig.googleapis.com/projectSettings/daily-goal-journal?view=CONSUMER_VIEW  
 
[debug] [2019-05-18T05:18:26.636Z] <<< HTTP RESPONSE 200
[debug] [2019-05-18T05:18:26.710Z] <<< HTTP RESPONSE 200
[info] ✔  functions: all necessary APIs are enabled
[debug] [2019-05-18T05:18:26.712Z] >>> HTTP REQUEST GET https://cloudresourcemanager.googleapis.com/v1/projects/daily-goal-journal  
 
[debug] [2019-05-18T05:18:27.052Z] <<< HTTP RESPONSE 200
[debug] [2019-05-18T05:18:27.053Z] >>> HTTP REQUEST GET https://mobilesdk-pa.googleapis.com/v1/projects/842020551767:getServerAppConfig  
 
[debug] [2019-05-18T05:18:27.340Z] <<< HTTP RESPONSE 200
[info] i  functions: preparing functions directory for uploading...
[debug] [2019-05-18T05:18:27.343Z] >>> HTTP REQUEST GET https://runtimeconfig.googleapis.com/v1beta1/projects/daily-goal-journal/configs  
 
[debug] [2019-05-18T05:18:27.766Z] <<< HTTP RESPONSE 200
[info] i  functions: packaged functions (31.55 KB) for uploading
[debug] [2019-05-18T05:18:28.194Z] >>> HTTP REQUEST POST https://cloudfunctions.googleapis.com/v1/projects/daily-goal-journal/locations/us-central1/functions:generateUploadUrl  
 
[debug] [2019-05-18T05:19:08.548Z] <<< HTTP RESPONSE 200
[debug] [2019-05-18T05:19:08.552Z] >>> HTTP REQUEST PUT https://storage.googleapis.com/gcf-upload-us-central1-974c0de6-4dc9-45ac-8bc8-3b01babf6bb0/9d173973-53d4-43eb-bce5-de075449a046.zip?GoogleAccessId=service-842020551767@gcf-admin-robot.iam.gserviceaccount.com&Expires=1558158548&Signature=kEbQMSTlqV10QnDEWBQgVZkKJrIwVgIhQpVBpr%2FHZpf5n1UGHII2%2B58RfGS%2BvB6fGZH9wVVpfNAo5IXHmKLhIMt7MkQ77BR7RIBKQn7a0rRJfB4%2BAwP6pNf53pFAxBl%2BoML1oQmgscgjqWlsPn3HdFc1BZr%2Fe%2F7eWQTZp2xayWXab1Az4uDBgJAOaKLAatwY5vr1%2B3IrgUwnCmXOzfH45tNqSCJ8%2BRqX3ENj3D%2BJDwZiwKvcN0W0No5UEiFDsLy0hJefqeFof7XTVWn0%2BHecfIYaHDAf1YHP9XnUJgfekQi4TdTTx8T447dgwo%2BonE7I%2FLpJE8IpiQRD9LPlZGu%2FOQ%3D%3D  

[debug] [2019-05-18T05:19:12.383Z] <<< HTTP RESPONSE 200
[info] ✔  functions: functions folder uploaded successfully
[debug] [2019-05-18T05:19:12.390Z] >>> HTTP REQUEST GET https://cloudfunctions.googleapis.com/v1/projects/daily-goal-journal/locations/-/functions  
 
[debug] [2019-05-18T05:19:13.061Z] <<< HTTP RESPONSE 200
[info] i  functions: creating Node.js 8 function quote(us-central1)...
[debug] [2019-05-18T05:19:13.064Z] Trigger is:  {"httpsTrigger":{}}
[debug] [2019-05-18T05:19:13.067Z] >>> HTTP REQUEST GET https://servicemanagement.googleapis.com/v1/services/cloudscheduler.googleapis.com/projectSettings/daily-goal-journal?view=CONSUMER_VIEW  
 
[debug] [2019-05-18T05:19:13.753Z] <<< HTTP RESPONSE 200
[debug] [2019-05-18T05:19:13.756Z] >>> HTTP REQUEST POST https://cloudfunctions.googleapis.com/v1/projects/daily-goal-journal/locations/us-central1/functions  

[debug] [2019-05-18T05:19:14.563Z] <<< HTTP RESPONSE 200
[debug] [2019-05-18T05:19:14.568Z] >>> HTTP REQUEST GET https://cloudfunctions.googleapis.com/v1/projects/daily-goal-journal/locations/-/functions  
 
[debug] [2019-05-18T05:19:15.254Z] <<< HTTP RESPONSE 200
[debug] [2019-05-18T05:19:15.258Z] >>> HTTP REQUEST GET https://cloudfunctions.googleapis.com/v1/operations/ZGFpbHktZ29hbC1qb3VybmFsL3VzLWNlbnRyYWwxL3F1b3RlL3RGdnZBVVZ5eklZ  
 
[debug] [2019-05-18T05:19:15.796Z] <<< HTTP RESPONSE 200
[debug] [2019-05-18T05:19:17.803Z] >>> HTTP REQUEST GET https://cloudfunctions.googleapis.com/v1/operations/ZGFpbHktZ29hbC1qb3VybmFsL3VzLWNlbnRyYWwxL3F1b3RlL3RGdnZBVVZ5eklZ  
 
[debug] [2019-05-18T05:19:18.146Z] <<< HTTP RESPONSE 200
[debug] [2019-05-18T05:19:20.149Z] >>> HTTP REQUEST GET https://cloudfunctions.googleapis.com/v1/operations/ZGFpbHktZ29hbC1qb3VybmFsL3VzLWNlbnRyYWwxL3F1b3RlL3RGdnZBVVZ5eklZ  
 
[debug] [2019-05-18T05:19:20.508Z] <<< HTTP RESPONSE 200
[debug] [2019-05-18T05:19:22.516Z] >>> HTTP REQUEST GET https://cloudfunctions.googleapis.com/v1/operations/ZGFpbHktZ29hbC1qb3VybmFsL3VzLWNlbnRyYWwxL3F1b3RlL3RGdnZBVVZ5eklZ  
 
[debug] [2019-05-18T05:19:22.863Z] <<< HTTP RESPONSE 200
[debug] [2019-05-18T05:19:24.868Z] >>> HTTP REQUEST GET https://cloudfunctions.googleapis.com/v1/operations/ZGFpbHktZ29hbC1qb3VybmFsL3VzLWNlbnRyYWwxL3F1b3RlL3RGdnZBVVZ5eklZ  
 
[debug] [2019-05-18T05:19:25.076Z] <<< HTTP RESPONSE 200
[debug] [2019-05-18T05:19:27.080Z] >>> HTTP REQUEST GET https://cloudfunctions.googleapis.com/v1/operations/ZGFpbHktZ29hbC1qb3VybmFsL3VzLWNlbnRyYWwxL3F1b3RlL3RGdnZBVVZ5eklZ  
 
[debug] [2019-05-18T05:19:27.362Z] <<< HTTP RESPONSE 200
[debug] [2019-05-18T05:19:29.365Z] >>> HTTP REQUEST GET https://cloudfunctions.googleapis.com/v1/operations/ZGFpbHktZ29hbC1qb3VybmFsL3VzLWNlbnRyYWwxL3F1b3RlL3RGdnZBVVZ5eklZ  
 
[debug] [2019-05-18T05:19:29.827Z] <<< HTTP RESPONSE 200
[debug] [2019-05-18T05:19:31.833Z] >>> HTTP REQUEST GET https://cloudfunctions.googleapis.com/v1/operations/ZGFpbHktZ29hbC1qb3VybmFsL3VzLWNlbnRyYWwxL3F1b3RlL3RGdnZBVVZ5eklZ  
 
[debug] [2019-05-18T05:19:32.131Z] <<< HTTP RESPONSE 200
[debug] [2019-05-18T05:19:34.136Z] >>> HTTP REQUEST GET https://cloudfunctions.googleapis.com/v1/operations/ZGFpbHktZ29hbC1qb3VybmFsL3VzLWNlbnRyYWwxL3F1b3RlL3RGdnZBVVZ5eklZ  
 
[debug] [2019-05-18T05:19:34.540Z] <<< HTTP RESPONSE 200
[debug] [2019-05-18T05:19:36.545Z] >>> HTTP REQUEST GET https://cloudfunctions.googleapis.com/v1/operations/ZGFpbHktZ29hbC1qb3VybmFsL3VzLWNlbnRyYWwxL3F1b3RlL3RGdnZBVVZ5eklZ  
 
[debug] [2019-05-18T05:19:36.897Z] <<< HTTP RESPONSE 200
[debug] [2019-05-18T05:19:38.899Z] >>> HTTP REQUEST GET https://cloudfunctions.googleapis.com/v1/operations/ZGFpbHktZ29hbC1qb3VybmFsL3VzLWNlbnRyYWwxL3F1b3RlL3RGdnZBVVZ5eklZ  
 
[debug] [2019-05-18T05:19:39.248Z] <<< HTTP RESPONSE 200
[debug] [2019-05-18T05:19:41.256Z] >>> HTTP REQUEST GET https://cloudfunctions.googleapis.com/v1/operations/ZGFpbHktZ29hbC1qb3VybmFsL3VzLWNlbnRyYWwxL3F1b3RlL3RGdnZBVVZ5eklZ  
 
[debug] [2019-05-18T05:19:41.711Z] <<< HTTP RESPONSE 200
[debug] [2019-05-18T05:19:43.716Z] >>> HTTP REQUEST GET https://cloudfunctions.googleapis.com/v1/operations/ZGFpbHktZ29hbC1qb3VybmFsL3VzLWNlbnRyYWwxL3F1b3RlL3RGdnZBVVZ5eklZ  
 
[debug] [2019-05-18T05:19:44.012Z] <<< HTTP RESPONSE 200
[debug] [2019-05-18T05:19:46.016Z] >>> HTTP REQUEST GET https://cloudfunctions.googleapis.com/v1/operations/ZGFpbHktZ29hbC1qb3VybmFsL3VzLWNlbnRyYWwxL3F1b3RlL3RGdnZBVVZ5eklZ  
 
[debug] [2019-05-18T05:19:46.317Z] <<< HTTP RESPONSE 200
[debug] [2019-05-18T05:19:48.327Z] >>> HTTP REQUEST GET https://cloudfunctions.googleapis.com/v1/operations/ZGFpbHktZ29hbC1qb3VybmFsL3VzLWNlbnRyYWwxL3F1b3RlL3RGdnZBVVZ5eklZ  
 
[debug] [2019-05-18T05:19:48.584Z] <<< HTTP RESPONSE 200
[debug] [2019-05-18T05:19:50.589Z] >>> HTTP REQUEST GET https://cloudfunctions.googleapis.com/v1/operations/ZGFpbHktZ29hbC1qb3VybmFsL3VzLWNlbnRyYWwxL3F1b3RlL3RGdnZBVVZ5eklZ  
 
[debug] [2019-05-18T05:19:50.856Z] <<< HTTP RESPONSE 200
[debug] [2019-05-18T05:19:52.859Z] >>> HTTP REQUEST GET https://cloudfunctions.googleapis.com/v1/operations/ZGFpbHktZ29hbC1qb3VybmFsL3VzLWNlbnRyYWwxL3F1b3RlL3RGdnZBVVZ5eklZ  
 
[debug] [2019-05-18T05:19:53.125Z] <<< HTTP RESPONSE 200
[debug] [2019-05-18T05:19:55.130Z] >>> HTTP REQUEST GET https://cloudfunctions.googleapis.com/v1/operations/ZGFpbHktZ29hbC1qb3VybmFsL3VzLWNlbnRyYWwxL3F1b3RlL3RGdnZBVVZ5eklZ  
 
[debug] [2019-05-18T05:19:55.416Z] <<< HTTP RESPONSE 200
[debug] [2019-05-18T05:19:57.424Z] >>> HTTP REQUEST GET https://cloudfunctions.googleapis.com/v1/operations/ZGFpbHktZ29hbC1qb3VybmFsL3VzLWNlbnRyYWwxL3F1b3RlL3RGdnZBVVZ5eklZ  
 
[debug] [2019-05-18T05:19:57.886Z] <<< HTTP RESPONSE 200
[debug] [2019-05-18T05:19:59.889Z] >>> HTTP REQUEST GET https://cloudfunctions.googleapis.com/v1/operations/ZGFpbHktZ29hbC1qb3VybmFsL3VzLWNlbnRyYWwxL3F1b3RlL3RGdnZBVVZ5eklZ  
 
[debug] [2019-05-18T05:20:00.104Z] <<< HTTP RESPONSE 200
[debug] [2019-05-18T05:20:02.106Z] >>> HTTP REQUEST GET https://cloudfunctions.googleapis.com/v1/operations/ZGFpbHktZ29hbC1qb3VybmFsL3VzLWNlbnRyYWwxL3F1b3RlL3RGdnZBVVZ5eklZ  
 
[debug] [2019-05-18T05:20:02.385Z] <<< HTTP RESPONSE 200
[debug] [2019-05-18T05:20:04.393Z] >>> HTTP REQUEST GET https://cloudfunctions.googleapis.com/v1/operations/ZGFpbHktZ29hbC1qb3VybmFsL3VzLWNlbnRyYWwxL3F1b3RlL3RGdnZBVVZ5eklZ  
 
[debug] [2019-05-18T05:20:04.681Z] <<< HTTP RESPONSE 200
[debug] [2019-05-18T05:20:06.687Z] >>> HTTP REQUEST GET https://cloudfunctions.googleapis.com/v1/operations/ZGFpbHktZ29hbC1qb3VybmFsL3VzLWNlbnRyYWwxL3F1b3RlL3RGdnZBVVZ5eklZ  
 
[debug] [2019-05-18T05:20:06.966Z] <<< HTTP RESPONSE 200
